<?xml version="1.0" encoding="UTF-8"?>
<!-- Generated by org.testng.reporters.JUnitReportReporter -->
<testsuite hostname="SMTC-R-0157" failures="0" tests="2" name="test_member_api.Test_04_GetAndPostEx" time="4.267" errors="0" timestamp="2023-04-28T12:37:09 IST" skipped="0">
  <testcase classname="test_member_api.Test_04_GetAndPostEx" name="AddnewMember" time="2.497"/>
  <system-out/>
  <testcase classname="test_member_api.Test_04_GetAndPostEx" name="test_02_getAllMembers" time="1.770"/>
  <system-out/>
</testsuite> <!-- test_member_api.Test_04_GetAndPostEx -->
