<?xml version="1.0" encoding="UTF-8"?>
<!-- Generated by org.testng.reporters.JUnitReportReporter -->
<testsuite hostname="SMTC-R-0157" failures="0" tests="1" name="test_member_api.Test_01_GETAllMembers" time="2.680" errors="0" timestamp="2023-04-28T11:05:00 IST" skipped="0">
  <testcase classname="test_member_api.Test_01_GETAllMembers" name="getAllMembers" time="2.680"/>
  <system-out/>
</testsuite> <!-- test_member_api.Test_01_GETAllMembers -->
