<?xml version="1.0" encoding="UTF-8"?>
<!-- Generated by org.testng.reporters.JUnitReportReporter -->
<testsuite hostname="SMTC-R-0157" failures="0" tests="1" name="test_member_api.Test_02_GETMemberById" time="2.529" errors="0" timestamp="2023-04-28T11:28:47 IST" skipped="0">
  <testcase classname="test_member_api.Test_02_GETMemberById" name="getMemberById" time="2.529"/>
  <system-out/>
</testsuite> <!-- test_member_api.Test_02_GETMemberById -->
