<?xml version="1.0" encoding="UTF-8"?>
<!-- Generated by org.testng.reporters.JUnitReportReporter -->
<testsuite hostname="SMTC-R-0157" failures="0" tests="1" name="test_member_api.Test_01_GETAllMembers_UseStaticImports" time="2.968" errors="0" timestamp="2023-04-28T12:14:39 IST" skipped="0">
  <testcase classname="test_member_api.Test_01_GETAllMembers_UseStaticImports" name="test_02_getMemberById" time="2.968"/>
  <system-out/>
</testsuite> <!-- test_member_api.Test_01_GETAllMembers_UseStaticImports -->
