<?xml version="1.0" encoding="UTF-8"?>
<!-- Generated by org.testng.reporters.JUnitReportReporter -->
<testsuite hostname="SMTC-R-0157" failures="0" tests="1" name="test_member_api.Test_06_Delete" time="2.056" errors="0" timestamp="2023-04-28T13:09:03 IST" skipped="0">
  <testcase classname="test_member_api.Test_06_Delete" name="testDeleteFunctinality" time="2.056"/>
  <system-out/>
</testsuite> <!-- test_member_api.Test_06_Delete -->
