<?xml version="1.0" encoding="UTF-8"?>
<!-- Generated by org.testng.reporters.JUnitReportReporter -->
<testsuite hostname="SMTC-R-0157" failures="0" tests="1" name="test_member_api.Test_04_putexample" time="2.098" errors="0" timestamp="2023-04-28T13:01:25 IST" skipped="0">
  <testcase classname="test_member_api.Test_04_putexample" name="testUpdateFunctinality" time="2.098"/>
  <system-out/>
</testsuite> <!-- test_member_api.Test_04_putexample -->
